<?xml version="1.0" encoding="UTF-8"?>
<!-- Generated by org.testng.reporters.JUnitXMLReporter -->
<testsuite ignored="0" hostname="LAPTOP-3QUQA1CL" failures="0" tests="6" name="BankingApp Test" time="112.59" errors="0" timestamp="28 Aug 2023 11:57:18 GMT">
  <testcase classname="com.inetbanking.testCases.TC_LoginTest_001" name="loginTest" time="3.613"/>
  <testcase classname="com.inetbanking.testCases.TC_Login_Invalid_Credantial_DDT_002" name="loginInvalidDDT" time="4.737"/>
  <testcase classname="com.inetbanking.testCases.TC_Login_Invalid_Credantial_DDT_002" name="loginInvalidDDT" time="5.551"/>
  <testcase classname="com.inetbanking.testCases.TC_Login_Invalid_Credantial_DDT_002" name="loginInvalidDDT" time="5.245"/>
  <testcase classname="com.inetbanking.testCases.TC_Login_Invalid_Credantial_DDT_002" name="loginInvalidDDT" time="6.761"/>
  <testcase classname="com.inetbanking.testCases.TC_Login_Invalid_Credantial_DDT_002" name="loginInvalidDDT" time="5.726"/>
</testsuite> <!-- BankingApp Test -->
